<?xml version="1.0" encoding="UTF-8"?>
<!-- Generated by org.testng.reporters.JUnitReportReporter -->
<testsuite skipped="0" hostname="Bhanu-PC" name="Calculator" tests="1" failures="0" timestamp="23 Mar 2019 18:59:35 GMT" time="18.185" errors="0">
  <testcase name="testCal" time="18.185" classname="Calculator"/>
</testsuite> <!-- Calculator -->
